<?xml version="1.0" encoding="UTF-8"?>
<testng-results ignored="0" total="1" passed="1" failed="0" skipped="0">
  <reporter-output>
  </reporter-output>
  <suite started-at="2022-12-14T19:34:54 EST" name="Default suite" finished-at="2022-12-14T19:35:14 EST" duration-ms="20072">
    <groups>
    </groups>
    <test started-at="2022-12-14T19:34:54 EST" name="Default test" finished-at="2022-12-14T19:35:14 EST" duration-ms="20072">
      <class name="com.Shanthi.learningSelenium.PhoneOrderCreation">
        <test-method is-config="true" signature="setUp()[pri:0, instance:com.Shanthi.learningSelenium.PhoneOrderCreation@662b4c69]" started-at="2022-12-14T19:34:54 EST" name="setUp" finished-at="2022-12-14T19:34:59 EST" duration-ms="4762" status="PASS">
          <reporter-output>
          </reporter-output>
        </test-method> <!-- setUp -->
        <test-method signature="verifyLoginDetails()[pri:0, instance:com.Shanthi.learningSelenium.PhoneOrderCreation@662b4c69]" started-at="2022-12-14T19:34:59 EST" name="verifyLoginDetails" finished-at="2022-12-14T19:35:14 EST" duration-ms="15136" status="PASS">
          <reporter-output>
          </reporter-output>
        </test-method> <!-- verifyLoginDetails -->
        <test-method is-config="true" signature="tearDown()[pri:0, instance:com.Shanthi.learningSelenium.PhoneOrderCreation@662b4c69]" started-at="2022-12-14T19:35:14 EST" name="tearDown" finished-at="2022-12-14T19:35:14 EST" duration-ms="140" status="PASS">
          <reporter-output>
          </reporter-output>
        </test-method> <!-- tearDown -->
      </class> <!-- com.Shanthi.learningSelenium.PhoneOrderCreation -->
    </test> <!-- Default test -->
  </suite> <!-- Default suite -->
</testng-results>
